<?xml version="1.0" encoding="UTF-8"?>
<!-- Generated by org.testng.reporters.JUnitReportReporter -->
<testsuite skipped="0" hostname="DESKTOP-P045U68" name="com.nhs.project.TestRunner" tests="1" failures="0" timestamp="30 Mar 2023 17:58:27 GMT" time="12.979" errors="0">
  <testcase name="feature" time="12.979" classname="com.nhs.project.TestRunner"/>
</testsuite> <!-- com.nhs.project.TestRunner -->
