<?xml version="1.0" encoding="UTF-8"?>
<!-- Generated by org.testng.reporters.JUnitReportReporter -->
<testsuite skipped="0" hostname="DESKTOP-P045U68" name="com.nhs.project.TestRunner" tests="1" failures="0" timestamp="04 Apr 2023 13:33:19 GMT" time="13.014" errors="0">
  <testcase name="feature" time="13.014" classname="com.nhs.project.TestRunner"/>
</testsuite> <!-- com.nhs.project.TestRunner -->
