<?xml version="1.0" encoding="UTF-8"?>
<!-- Generated by org.testng.reporters.JUnitReportReporter -->
<testsuite skipped="0" hostname="DESKTOP-P045U68" name="com.nhs.project.TestRunner" tests="1" failures="0" timestamp="12 Oct 2020 11:18:25 GMT" time="12.906" errors="0">
  <testcase name="feature" time="12.906" classname="com.nhs.project.TestRunner"/>
</testsuite> <!-- com.nhs.project.TestRunner -->
